docker :  Image socialfollowersscraper-api Building 
At line:1 char:1
+ docker compose build *>&1 | Out-File -FilePath "g:\SocialFollowersScr ...
+ ~~~~~~~~~~~~~~~~~~~~~~~~~
    + CategoryInfo          : NotSpecified: ( Image socialfo...r-api Building  
   :String) [], RemoteException
    + FullyQualifiedErrorId : NativeCommandError
 
 Image socialfollowersscraper-worker Building 
#1 [internal] load local bake definitions
#1 reading from stdin 1.02kB done
#1 DONE 0.0s

#2 [api internal] load build definition from Dockerfile
#2 transferring dockerfile:
#2 transferring dockerfile: 1.07kB 0.0s done
#2 DONE 0.1s

#3 [api internal] load metadata for mcr.microsoft.com/playwright/python:v1.58.0-noble
#3 DONE 1.2s

#4 [api internal] load .dockerignore
#4 transferring context:
#4 transferring context: 192B 0.0s done
#4 DONE 0.2s

#5 [worker base 1/8] FROM mcr.microsoft.com/playwright/python:v1.58.0-noble@sha256:678457c4c323b981d8b4befc57b95366bb1bb6aa30057b1269f6b171e8d9975a
#5 resolve mcr.microsoft.com/playwright/python:v1.58.0-noble@sha256:678457c4c323b981d8b4befc57b95366bb1bb6aa30057b1269f6b171e8d9975a 0.1s done
#5 sha256:e93fce65fb9fdbf95d95433f0a49637000c985ffab1470a3bd7dc626ac7f1c06 30.60MB / 30.60MB 82.4s done
#5 sha256:16de120b598a2a56515780feffabe7ff6c1d30b61411f4a6676fda6a5ff745d3 404.75MB / 787.58MB 1447.0s
#5 sha256:51b82ddb0ab67a7b6311de1c36bdd59bb94034358f5829c333c90f0be486deb3 47.42MB / 47.42MB 132.9s done
#5 sha256:3a0ab2c2fcc07db022fc16b9a53ae776dc54eeaf6beefebe69c7e3ac6d9e00bf 91.48MB / 91.48MB 237.9s done
#5 extracting sha256:e93fce65fb9fdbf95d95433f0a49637000c985ffab1470a3bd7dc626ac7f1c06 2.8s done
#5 extracting sha256:51b82ddb0ab67a7b6311de1c36bdd59bb94034358f5829c333c90f0be486deb3 4.9s done
#5 extracting sha256:3a0ab2c2fcc07db022fc16b9a53ae776dc54eeaf6beefebe69c7e3ac6d9e00bf 1.3s done
#5 ...

#6 [api internal] load build context
#6 transferring context: 91.03kB 0.2s done
#6 DONE 0.4s

#5 [worker base 1/8] FROM mcr.microsoft.com/playwright/python:v1.58.0-noble@sha256:678457c4c323b981d8b4befc57b95366bb1bb6aa30057b1269f6b171e8d9975a
#5 sha256:16de120b598a2a56515780feffabe7ff6c1d30b61411f4a6676fda6a5ff745d3 405.80MB / 787.58MB 1452.1s
#5 sha256:16de120b598a2a56515780feffabe7ff6c1d30b61411f4a6676fda6a5ff745d3 406.85MB / 787.58MB 1457.2s
#5 sha256:16de120b598a2a56515780feffabe7ff6c1d30b61411f4a6676fda6a5ff745d3 407.90MB / 787.58MB 1462.3s
#5 sha256:16de120b598a2a56515780feffabe7ff6c1d30b61411f4a6676fda6a5ff745d3 408.94MB / 787.58MB 1467.4s
#5 sha256:16de120b598a2a56515780feffabe7ff6c1d30b61411f4a6676fda6a5ff745d3 409.99MB / 787.58MB 1472.5s
#5 sha256:16de120b598a2a56515780feffabe7ff6c1d30b61411f4a6676fda6a5ff745d3 409.99MB / 787.58MB 1477.6s
#5 sha256:16de120b598a2a56515780feffabe7ff6c1d30b61411f4a6676fda6a5ff745d3 411.04MB / 787.58MB 1482.9s
#5 sha256:16de120b598a2a56515780feffabe7ff6c1d30b61411f4a6676fda6a5ff745d3 411.04MB / 787.58MB 1488.0s
#5 sha256:16de120b598a2a56515780feffabe7ff6c1d30b61411f4a6676fda6a5ff745d3 412.09MB / 787.58MB 1493.1s
#5 sha256:16de120b598a2a56515780feffabe7ff6c1d30b61411f4a6676fda6a5ff745d3 412.09MB / 787.58MB 1498.2s
#5 sha256:16de120b598a2a56515780feffabe7ff6c1d30b61411f4a6676fda6a5ff745d3 413.14MB / 787.58MB 1503.3s
#5 sha256:16de120b598a2a56515780feffabe7ff6c1d30b61411f4a6676fda6a5ff745d3 415.24MB / 787.58MB 1508.4s
#5 sha256:16de120b598a2a56515780feffabe7ff6c1d30b61411f4a6676fda6a5ff745d3 416.28MB / 787.58MB 1513.5s
#5 sha256:16de120b598a2a56515780feffabe7ff6c1d30b61411f4a6676fda6a5ff745d3 416.28MB / 787.58MB 1518.6s
#5 sha256:16de120b598a2a56515780feffabe7ff6c1d30b61411f4a6676fda6a5ff745d3 418.38MB / 787.58MB 1523.7s
#5 sha256:16de120b598a2a56515780feffabe7ff6c1d30b61411f4a6676fda6a5ff745d3 419.43MB / 787.58MB 1528.8s
#5 sha256:16de120b598a2a56515780feffabe7ff6c1d30b61411f4a6676fda6a5ff745d3 420.48MB / 787.58MB 1533.9s
#5 sha256:16de120b598a2a56515780feffabe7ff6c1d30b61411f4a6676fda6a5ff745d3 420.48MB / 787.58MB 1539.0s
#5 sha256:16de120b598a2a56515780feffabe7ff6c1d30b61411f4a6676fda6a5ff745d3 421.53MB / 787.58MB 1544.1s
#5 sha256:16de120b598a2a56515780feffabe7ff6c1d30b61411f4a6676fda6a5ff745d3 422.58MB / 787.58MB 1549.2s
#5 sha256:16de120b598a2a56515780feffabe7ff6c1d30b61411f4a6676fda6a5ff745d3 422.58MB / 787.58MB 1554.3s
#5 sha256:16de120b598a2a56515780feffabe7ff6c1d30b61411f4a6676fda6a5ff745d3 422.58MB / 787.58MB 1559.4s
#5 sha256:16de120b598a2a56515780feffabe7ff6c1d30b61411f4a6676fda6a5ff745d3 424.67MB / 787.58MB 1564.5s
#5 sha256:16de120b598a2a56515780feffabe7ff6c1d30b61411f4a6676fda6a5ff745d3 425.72MB / 787.58MB 1569.6s
#5 sha256:16de120b598a2a56515780feffabe7ff6c1d30b61411f4a6676fda6a5ff745d3 426.77MB / 787.58MB 1574.7s
#5 sha256:16de120b598a2a56515780feffabe7ff6c1d30b61411f4a6676fda6a5ff745d3 427.82MB / 787.58MB 1579.8s
#5 sha256:16de120b598a2a56515780feffabe7ff6c1d30b61411f4a6676fda6a5ff745d3 428.87MB / 787.58MB 1584.9s
#5 sha256:16de120b598a2a56515780feffabe7ff6c1d30b61411f4a6676fda6a5ff745d3 429.92MB / 787.58MB 1590.0s
#5 sha256:16de120b598a2a56515780feffabe7ff6c1d30b61411f4a6676fda6a5ff745d3 430.96MB / 787.58MB 1595.1s
#5 sha256:16de120b598a2a56515780feffabe7ff6c1d30b61411f4a6676fda6a5ff745d3 432.01MB / 787.58MB 1600.2s
#5 sha256:16de120b598a2a56515780feffabe7ff6c1d30b61411f4a6676fda6a5ff745d3 433.06MB / 787.58MB 1605.3s
#5 sha256:16de120b598a2a56515780feffabe7ff6c1d30b61411f4a6676fda6a5ff745d3 434.11MB / 787.58MB 1610.4s
#5 sha256:16de120b598a2a56515780feffabe7ff6c1d30b61411f4a6676fda6a5ff745d3 436.21MB / 787.58MB 1615.5s
#5 sha256:16de120b598a2a56515780feffabe7ff6c1d30b61411f4a6676fda6a5ff745d3 437.26MB / 787.58MB 1620.6s
#5 sha256:16de120b598a2a56515780feffabe7ff6c1d30b61411f4a6676fda6a5ff745d3 438.30MB / 787.58MB 1625.7s
#5 sha256:16de120b598a2a56515780feffabe7ff6c1d30b61411f4a6676fda6a5ff745d3 440.40MB / 787.58MB 1630.8s
#5 sha256:16de120b598a2a56515780feffabe7ff6c1d30b61411f4a6676fda6a5ff745d3 441.45MB / 787.58MB 1635.9s
#5 sha256:16de120b598a2a56515780feffabe7ff6c1d30b61411f4a6676fda6a5ff745d3 443.55MB / 787.58MB 1641.0s
#5 sha256:16de120b598a2a56515780feffabe7ff6c1d30b61411f4a6676fda6a5ff745d3 445.64MB / 787.58MB 1646.0s
#5 sha256:16de120b598a2a56515780feffabe7ff6c1d30b61411f4a6676fda6a5ff745d3 446.69MB / 787.58MB 1651.1s
#5 sha256:16de120b598a2a56515780feffabe7ff6c1d30b61411f4a6676fda6a5ff745d3 447.74MB / 787.58MB 1656.2s
#5 sha256:16de120b598a2a56515780feffabe7ff6c1d30b61411f4a6676fda6a5ff745d3 447.74MB / 787.58MB 1661.3s
#5 sha256:16de120b598a2a56515780feffabe7ff6c1d30b61411f4a6676fda6a5ff745d3 448.79MB / 787.58MB 1666.5s
#5 sha256:16de120b598a2a56515780feffabe7ff6c1d30b61411f4a6676fda6a5ff745d3 449.84MB / 787.58MB 1671.5s
#5 sha256:16de120b598a2a56515780feffabe7ff6c1d30b61411f4a6676fda6a5ff745d3 450.89MB / 787.58MB 1676.6s
#5 sha256:16de120b598a2a56515780feffabe7ff6c1d30b61411f4a6676fda6a5ff745d3 450.89MB / 787.58MB 1681.7s
#5 sha256:16de120b598a2a56515780feffabe7ff6c1d30b61411f4a6676fda6a5ff745d3 451.94MB / 787.58MB 1686.8s
#5 sha256:16de120b598a2a56515780feffabe7ff6c1d30b61411f4a6676fda6a5ff745d3 451.94MB / 787.58MB 1691.9s
#5 sha256:16de120b598a2a56515780feffabe7ff6c1d30b61411f4a6676fda6a5ff745d3 456.13MB / 787.58MB 1697.0s
#5 sha256:16de120b598a2a56515780feffabe7ff6c1d30b61411f4a6676fda6a5ff745d3 459.28MB / 787.58MB 1702.1s
#5 sha256:16de120b598a2a56515780feffabe7ff6c1d30b61411f4a6676fda6a5ff745d3 460.32MB / 787.58MB 1707.2s
#5 sha256:16de120b598a2a56515780feffabe7ff6c1d30b61411f4a6676fda6a5ff745d3 460.32MB / 787.58MB 1712.3s
#5 sha256:16de120b598a2a56515780feffabe7ff6c1d30b61411f4a6676fda6a5ff745d3 461.37MB / 787.58MB 1717.4s
#5 sha256:16de120b598a2a56515780feffabe7ff6c1d30b61411f4a6676fda6a5ff745d3 462.42MB / 787.58MB 1722.5s
#5 sha256:16de120b598a2a56515780feffabe7ff6c1d30b61411f4a6676fda6a5ff745d3 465.57MB / 787.58MB 1727.8s
#5 sha256:16de120b598a2a56515780feffabe7ff6c1d30b61411f4a6676fda6a5ff745d3 466.62MB / 787.58MB 1732.9s
#5 sha256:16de120b598a2a56515780feffabe7ff6c1d30b61411f4a6676fda6a5ff745d3 467.66MB / 787.58MB 1738.0s
#5 sha256:16de120b598a2a56515780feffabe7ff6c1d30b61411f4a6676fda6a5ff745d3 469.76MB / 787.58MB 1743.1s
#5 sha256:16de120b598a2a56515780feffabe7ff6c1d30b61411f4a6676fda6a5ff745d3 470.81MB / 787.58MB 1748.2s
#5 sha256:16de120b598a2a56515780feffabe7ff6c1d30b61411f4a6676fda6a5ff745d3 471.86MB / 787.58MB 1753.3s
#5 sha256:16de120b598a2a56515780feffabe7ff6c1d30b61411f4a6676fda6a5ff745d3 472.91MB / 787.58MB 1758.4s
#5 sha256:16de120b598a2a56515780feffabe7ff6c1d30b61411f4a6676fda6a5ff745d3 475.00MB / 787.58MB 1763.5s
#5 sha256:16de120b598a2a56515780feffabe7ff6c1d30b61411f4a6676fda6a5ff745d3 475.00MB / 787.58MB 1768.6s
#5 sha256:16de120b598a2a56515780feffabe7ff6c1d30b61411f4a6676fda6a5ff745d3 476.05MB / 787.58MB 1773.7s
#5 sha256:16de120b598a2a56515780feffabe7ff6c1d30b61411f4a6676fda6a5ff745d3 479.20MB / 787.58MB 1778.8s
#5 sha256:16de120b598a2a56515780feffabe7ff6c1d30b61411f4a6676fda6a5ff745d3 482.34MB / 787.58MB 1783.9s
#5 sha256:16de120b598a2a56515780feffabe7ff6c1d30b61411f4a6676fda6a5ff745d3 483.39MB / 787.58MB 1789.0s
#5 sha256:16de120b598a2a56515780feffabe7ff6c1d30b61411f4a6676fda6a5ff745d3 485.49MB / 787.58MB 1794.1s
#5 sha256:16de120b598a2a56515780feffabe7ff6c1d30b61411f4a6676fda6a5ff745d3 486.54MB / 787.58MB 1799.2s
#5 sha256:16de120b598a2a56515780feffabe7ff6c1d30b61411f4a6676fda6a5ff745d3 486.54MB / 787.58MB 1804.3s
#5 sha256:16de120b598a2a56515780feffabe7ff6c1d30b61411f4a6676fda6a5ff745d3 487.59MB / 787.58MB 1809.4s
#5 sha256:16de120b598a2a56515780feffabe7ff6c1d30b61411f4a6676fda6a5ff745d3 488.64MB / 787.58MB 1814.5s
#5 sha256:16de120b598a2a56515780feffabe7ff6c1d30b61411f4a6676fda6a5ff745d3 488.64MB / 787.58MB 1819.6s
#5 sha256:16de120b598a2a56515780feffabe7ff6c1d30b61411f4a6676fda6a5ff745d3 490.73MB / 787.58MB 1824.7s
#5 sha256:16de120b598a2a56515780feffabe7ff6c1d30b61411f4a6676fda6a5ff745d3 492.83MB / 787.58MB 1829.8s
#5 sha256:16de120b598a2a56515780feffabe7ff6c1d30b61411f4a6676fda6a5ff745d3 494.93MB / 787.58MB 1834.9s
#5 sha256:16de120b598a2a56515780feffabe7ff6c1d30b61411f4a6676fda6a5ff745d3 495.98MB / 787.58MB 1840.0s
#5 sha256:16de120b598a2a56515780feffabe7ff6c1d30b61411f4a6676fda6a5ff745d3 497.03MB / 787.58MB 1845.1s
#5 sha256:16de120b598a2a56515780feffabe7ff6c1d30b61411f4a6676fda6a5ff745d3 498.07MB / 787.58MB 1850.2s
#5 sha256:16de120b598a2a56515780feffabe7ff6c1d30b61411f4a6676fda6a5ff745d3 498.07MB / 787.58MB 1855.3s
#5 sha256:16de120b598a2a56515780feffabe7ff6c1d30b61411f4a6676fda6a5ff745d3 499.12MB / 787.58MB 1860.4s
#5 sha256:16de120b598a2a56515780feffabe7ff6c1d30b61411f4a6676fda6a5ff745d3 501.22MB / 787.58MB 1865.5s
#5 sha256:16de120b598a2a56515780feffabe7ff6c1d30b61411f4a6676fda6a5ff745d3 501.22MB / 787.58MB 1870.6s
#5 sha256:16de120b598a2a56515780feffabe7ff6c1d30b61411f4a6676fda6a5ff745d3 502.27MB / 787.58MB 1875.7s
#5 sha256:16de120b598a2a56515780feffabe7ff6c1d30b61411f4a6676fda6a5ff745d3 503.32MB / 787.58MB 1880.8s
#5 sha256:16de120b598a2a56515780feffabe7ff6c1d30b61411f4a6676fda6a5ff745d3 503.32MB / 787.58MB 1885.9s
#5 sha256:16de120b598a2a56515780feffabe7ff6c1d30b61411f4a6676fda6a5ff745d3 504.37MB / 787.58MB 1891.0s
#5 sha256:16de120b598a2a56515780feffabe7ff6c1d30b61411f4a6676fda6a5ff745d3 505.41MB / 787.58MB 1896.1s
#5 sha256:16de120b598a2a56515780feffabe7ff6c1d30b61411f4a6676fda6a5ff745d3 507.51MB / 787.58MB 1901.2s
#5 sha256:16de120b598a2a56515780feffabe7ff6c1d30b61411f4a6676fda6a5ff745d3 508.56MB / 787.58MB 1906.3s
#5 sha256:16de120b598a2a56515780feffabe7ff6c1d30b61411f4a6676fda6a5ff745d3 509.61MB / 787.58MB 1911.4s
#5 sha256:16de120b598a2a56515780feffabe7ff6c1d30b61411f4a6676fda6a5ff745d3 510.66MB / 787.58MB 1916.5s
#5 sha256:16de120b598a2a56515780feffabe7ff6c1d30b61411f4a6676fda6a5ff745d3 511.71MB / 787.58MB 1921.6s
#5 sha256:16de120b598a2a56515780feffabe7ff6c1d30b61411f4a6676fda6a5ff745d3 512.75MB / 787.58MB 1926.7s
#5 sha256:16de120b598a2a56515780feffabe7ff6c1d30b61411f4a6676fda6a5ff745d3 512.75MB / 787.58MB 1931.8s
#5 sha256:16de120b598a2a56515780feffabe7ff6c1d30b61411f4a6676fda6a5ff745d3 513.80MB / 787.58MB 1936.9s
#5 sha256:16de120b598a2a56515780feffabe7ff6c1d30b61411f4a6676fda6a5ff745d3 514.85MB / 787.58MB 1942.0s
#5 sha256:16de120b598a2a56515780feffabe7ff6c1d30b61411f4a6676fda6a5ff745d3 515.90MB / 787.58MB 1947.1s
#5 sha256:16de120b598a2a56515780feffabe7ff6c1d30b61411f4a6676fda6a5ff745d3 516.95MB / 787.58MB 1952.2s
#5 sha256:16de120b598a2a56515780feffabe7ff6c1d30b61411f4a6676fda6a5ff745d3 518.00MB / 787.58MB 1957.3s
#5 sha256:16de120b598a2a56515780feffabe7ff6c1d30b61411f4a6676fda6a5ff745d3 519.05MB / 787.58MB 1962.4s
#5 sha256:16de120b598a2a56515780feffabe7ff6c1d30b61411f4a6676fda6a5ff745d3 521.14MB / 787.58MB 1967.5s
#5 sha256:16de120b598a2a56515780feffabe7ff6c1d30b61411f4a6676fda6a5ff745d3 522.19MB / 787.58MB 1972.6s
#5 sha256:16de120b598a2a56515780feffabe7ff6c1d30b61411f4a6676fda6a5ff745d3 523.24MB / 787.58MB 1977.7s
#5 sha256:16de120b598a2a56515780feffabe7ff6c1d30b61411f4a6676fda6a5ff745d3 524.29MB / 787.58MB 1982.8s
#5 sha256:16de120b598a2a56515780feffabe7ff6c1d30b61411f4a6676fda6a5ff745d3 525.34MB / 787.58MB 1987.9s
#5 sha256:16de120b598a2a56515780feffabe7ff6c1d30b61411f4a6676fda6a5ff745d3 526.39MB / 787.58MB 1993.0s
#5 sha256:16de120b598a2a56515780feffabe7ff6c1d30b61411f4a6676fda6a5ff745d3 526.39MB / 787.58MB 1998.1s
#5 sha256:16de120b598a2a56515780feffabe7ff6c1d30b61411f4a6676fda6a5ff745d3 528.48MB / 787.58MB 2003.2s
#5 sha256:16de120b598a2a56515780feffabe7ff6c1d30b61411f4a6676fda6a5ff745d3 529.53MB / 787.58MB 2008.3s
#5 sha256:16de120b598a2a56515780feffabe7ff6c1d30b61411f4a6676fda6a5ff745d3 530.58MB / 787.58MB 2013.4s
#5 sha256:16de120b598a2a56515780feffabe7ff6c1d30b61411f4a6676fda6a5ff745d3 531.63MB / 787.58MB 2018.5s
#5 sha256:16de120b598a2a56515780feffabe7ff6c1d30b61411f4a6676fda6a5ff745d3 532.68MB / 787.58MB 2023.6s
#5 sha256:16de120b598a2a56515780feffabe7ff6c1d30b61411f4a6676fda6a5ff745d3 533.73MB / 787.58MB 2028.7s
#5 sha256:16de120b598a2a56515780feffabe7ff6c1d30b61411f4a6676fda6a5ff745d3 534.77MB / 787.58MB 2033.8s
#5 sha256:16de120b598a2a56515780feffabe7ff6c1d30b61411f4a6676fda6a5ff745d3 535.82MB / 787.58MB 2039.0s
#5 sha256:16de120b598a2a56515780feffabe7ff6c1d30b61411f4a6676fda6a5ff745d3 537.92MB / 787.58MB 2044.1s
#5 sha256:16de120b598a2a56515780feffabe7ff6c1d30b61411f4a6676fda6a5ff745d3 538.97MB / 787.58MB 2049.2s
#5 sha256:16de120b598a2a56515780feffabe7ff6c1d30b61411f4a6676fda6a5ff745d3 540.02MB / 787.58MB 2054.3s
#5 sha256:16de120b598a2a56515780feffabe7ff6c1d30b61411f4a6676fda6a5ff745d3 541.07MB / 787.58MB 2059.4s
#5 sha256:16de120b598a2a56515780feffabe7ff6c1d30b61411f4a6676fda6a5ff745d3 542.11MB / 787.58MB 2064.5s
#5 sha256:16de120b598a2a56515780feffabe7ff6c1d30b61411f4a6676fda6a5ff745d3 543.16MB / 787.58MB 2069.6s
#5 sha256:16de120b598a2a56515780feffabe7ff6c1d30b61411f4a6676fda6a5ff745d3 544.21MB / 787.58MB 2074.7s
#5 sha256:16de120b598a2a56515780feffabe7ff6c1d30b61411f4a6676fda6a5ff745d3 545.26MB / 787.58MB 2079.9s
#5 sha256:16de120b598a2a56515780feffabe7ff6c1d30b61411f4a6676fda6a5ff745d3 545.26MB / 787.58MB 2085.0s
#5 sha256:16de120b598a2a56515780feffabe7ff6c1d30b61411f4a6676fda6a5ff745d3 547.36MB / 787.58MB 2090.1s
#5 sha256:16de120b598a2a56515780feffabe7ff6c1d30b61411f4a6676fda6a5ff745d3 548.41MB / 787.58MB 2095.2s
#5 sha256:16de120b598a2a56515780feffabe7ff6c1d30b61411f4a6676fda6a5ff745d3 549.45MB / 787.58MB 2100.3s
#5 sha256:16de120b598a2a56515780feffabe7ff6c1d30b61411f4a6676fda6a5ff745d3 550.50MB / 787.58MB 2105.4s
#5 sha256:16de120b598a2a56515780feffabe7ff6c1d30b61411f4a6676fda6a5ff745d3 551.55MB / 787.58MB 2110.5s
#5 sha256:16de120b598a2a56515780feffabe7ff6c1d30b61411f4a6676fda6a5ff745d3 552.60MB / 787.58MB 2115.6s
#5 sha256:16de120b598a2a56515780feffabe7ff6c1d30b61411f4a6676fda6a5ff745d3 553.65MB / 787.58MB 2120.7s
#5 sha256:16de120b598a2a56515780feffabe7ff6c1d30b61411f4a6676fda6a5ff745d3 554.70MB / 787.58MB 2125.8s
#5 sha256:16de120b598a2a56515780feffabe7ff6c1d30b61411f4a6676fda6a5ff745d3 554.70MB / 787.58MB 2130.9s
#5 sha256:16de120b598a2a56515780feffabe7ff6c1d30b61411f4a6676fda6a5ff745d3 556.79MB / 787.58MB 2136.0s
#5 sha256:16de120b598a2a56515780feffabe7ff6c1d30b61411f4a6676fda6a5ff745d3 557.84MB / 787.58MB 2141.1s
#5 sha256:16de120b598a2a56515780feffabe7ff6c1d30b61411f4a6676fda6a5ff745d3 557.84MB / 787.58MB 2146.2s
#5 sha256:16de120b598a2a56515780feffabe7ff6c1d30b61411f4a6676fda6a5ff745d3 558.89MB / 787.58MB 2151.3s
#5 sha256:16de120b598a2a56515780feffabe7ff6c1d30b61411f4a6676fda6a5ff745d3 559.94MB / 787.58MB 2156.4s
#5 sha256:16de120b598a2a56515780feffabe7ff6c1d30b61411f4a6676fda6a5ff745d3 560.99MB / 787.58MB 2161.5s
#5 sha256:16de120b598a2a56515780feffabe7ff6c1d30b61411f4a6676fda6a5ff745d3 562.04MB / 787.58MB 2166.6s
#5 sha256:16de120b598a2a56515780feffabe7ff6c1d30b61411f4a6676fda6a5ff745d3 564.13MB / 787.58MB 2171.7s
#5 sha256:16de120b598a2a56515780feffabe7ff6c1d30b61411f4a6676fda6a5ff745d3 564.13MB / 787.58MB 2176.8s
#5 sha256:16de120b598a2a56515780feffabe7ff6c1d30b61411f4a6676fda6a5ff745d3 565.18MB / 787.58MB 2181.9s
#5 sha256:16de120b598a2a56515780feffabe7ff6c1d30b61411f4a6676fda6a5ff745d3 567.28MB / 787.58MB 2187.0s
#5 sha256:16de120b598a2a56515780feffabe7ff6c1d30b61411f4a6676fda6a5ff745d3 568.33MB / 787.58MB 2192.1s
#5 sha256:16de120b598a2a56515780feffabe7ff6c1d30b61411f4a6676fda6a5ff745d3 569.38MB / 787.58MB 2197.2s
#5 sha256:16de120b598a2a56515780feffabe7ff6c1d30b61411f4a6676fda6a5ff745d3 570.43MB / 787.58MB 2202.3s
#5 sha256:16de120b598a2a56515780feffabe7ff6c1d30b61411f4a6676fda6a5ff745d3 570.43MB / 787.58MB 2207.4s
#5 sha256:16de120b598a2a56515780feffabe7ff6c1d30b61411f4a6676fda6a5ff745d3 571.47MB / 787.58MB 2212.5s
#5 sha256:16de120b598a2a56515780feffabe7ff6c1d30b61411f4a6676fda6a5ff745d3 572.52MB / 787.58MB 2217.6s
#5 sha256:16de120b598a2a56515780feffabe7ff6c1d30b61411f4a6676fda6a5ff745d3 573.57MB / 787.58MB 2222.7s
#5 sha256:16de120b598a2a56515780feffabe7ff6c1d30b61411f4a6676fda6a5ff745d3 574.62MB / 787.58MB 2227.8s
#5 sha256:16de120b598a2a56515780feffabe7ff6c1d30b61411f4a6676fda6a5ff745d3 575.67MB / 787.58MB 2232.9s
#5 sha256:16de120b598a2a56515780feffabe7ff6c1d30b61411f4a6676fda6a5ff745d3 576.72MB / 787.58MB 2238.0s
#5 sha256:16de120b598a2a56515780feffabe7ff6c1d30b61411f4a6676fda6a5ff745d3 577.77MB / 787.58MB 2243.1s
#5 sha256:16de120b598a2a56515780feffabe7ff6c1d30b61411f4a6676fda6a5ff745d3 579.86MB / 787.58MB 2248.2s
#5 sha256:16de120b598a2a56515780feffabe7ff6c1d30b61411f4a6676fda6a5ff745d3 580.91MB / 787.58MB 2253.3s
#5 sha256:16de120b598a2a56515780feffabe7ff6c1d30b61411f4a6676fda6a5ff745d3 580.91MB / 787.58MB 2258.4s
#5 sha256:16de120b598a2a56515780feffabe7ff6c1d30b61411f4a6676fda6a5ff745d3 581.96MB / 787.58MB 2263.5s
#5 sha256:16de120b598a2a56515780feffabe7ff6c1d30b61411f4a6676fda6a5ff745d3 583.01MB / 787.58MB 2268.6s
#5 sha256:16de120b598a2a56515780feffabe7ff6c1d30b61411f4a6676fda6a5ff745d3 585.11MB / 787.58MB 2273.7s
#5 sha256:16de120b598a2a56515780feffabe7ff6c1d30b61411f4a6676fda6a5ff745d3 586.15MB / 787.58MB 2278.8s
#5 sha256:16de120b598a2a56515780feffabe7ff6c1d30b61411f4a6676fda6a5ff745d3 587.20MB / 787.58MB 2283.9s
#5 sha256:16de120b598a2a56515780feffabe7ff6c1d30b61411f4a6676fda6a5ff745d3 588.25MB / 787.58MB 2289.0s
#5 sha256:16de120b598a2a56515780feffabe7ff6c1d30b61411f4a6676fda6a5ff745d3 589.30MB / 787.58MB 2294.1s
#5 sha256:16de120b598a2a56515780feffabe7ff6c1d30b61411f4a6676fda6a5ff745d3 589.30MB / 787.58MB 2299.2s
#5 sha256:16de120b598a2a56515780feffabe7ff6c1d30b61411f4a6676fda6a5ff745d3 592.45MB / 787.58MB 2304.3s
#5 sha256:16de120b598a2a56515780feffabe7ff6c1d30b61411f4a6676fda6a5ff745d3 593.49MB / 787.58MB 2309.4s
#5 sha256:16de120b598a2a56515780feffabe7ff6c1d30b61411f4a6676fda6a5ff745d3 594.54MB / 787.58MB 2314.5s
#5 sha256:16de120b598a2a56515780feffabe7ff6c1d30b61411f4a6676fda6a5ff745d3 596.64MB / 787.58MB 2319.6s
#5 sha256:16de120b598a2a56515780feffabe7ff6c1d30b61411f4a6676fda6a5ff745d3 597.69MB / 787.58MB 2324.7s
#5 sha256:16de120b598a2a56515780feffabe7ff6c1d30b61411f4a6676fda6a5ff745d3 598.74MB / 787.58MB 2329.8s
#5 sha256:16de120b598a2a56515780feffabe7ff6c1d30b61411f4a6676fda6a5ff745d3 600.83MB / 787.58MB 2334.9s
#5 sha256:16de120b598a2a56515780feffabe7ff6c1d30b61411f4a6676fda6a5ff745d3 600.83MB / 787.58MB 2340.0s
#5 sha256:16de120b598a2a56515780feffabe7ff6c1d30b61411f4a6676fda6a5ff745d3 601.88MB / 787.58MB 2345.1s
#5 sha256:16de120b598a2a56515780feffabe7ff6c1d30b61411f4a6676fda6a5ff745d3 602.93MB / 787.58MB 2350.2s
#5 sha256:16de120b598a2a56515780feffabe7ff6c1d30b61411f4a6676fda6a5ff745d3 603.98MB / 787.58MB 2355.3s
#5 sha256:16de120b598a2a56515780feffabe7ff6c1d30b61411f4a6676fda6a5ff745d3 606.08MB / 787.58MB 2360.4s
#5 sha256:16de120b598a2a56515780feffabe7ff6c1d30b61411f4a6676fda6a5ff745d3 607.13MB / 787.58MB 2365.5s
#5 sha256:16de120b598a2a56515780feffabe7ff6c1d30b61411f4a6676fda6a5ff745d3 609.22MB / 787.58MB 2370.6s
#5 sha256:16de120b598a2a56515780feffabe7ff6c1d30b61411f4a6676fda6a5ff745d3 610.27MB / 787.58MB 2375.7s
#5 sha256:16de120b598a2a56515780feffabe7ff6c1d30b61411f4a6676fda6a5ff745d3 611.32MB / 787.58MB 2380.8s
#5 sha256:16de120b598a2a56515780feffabe7ff6c1d30b61411f4a6676fda6a5ff745d3 612.37MB / 787.58MB 2385.9s
#5 sha256:16de120b598a2a56515780feffabe7ff6c1d30b61411f4a6676fda6a5ff745d3 613.42MB / 787.58MB 2391.0s
#5 sha256:16de120b598a2a56515780feffabe7ff6c1d30b61411f4a6676fda6a5ff745d3 614.47MB / 787.58MB 2396.1s
#5 sha256:16de120b598a2a56515780feffabe7ff6c1d30b61411f4a6676fda6a5ff745d3 616.56MB / 787.58MB 2401.2s
#5 sha256:16de120b598a2a56515780feffabe7ff6c1d30b61411f4a6676fda6a5ff745d3 618.66MB / 787.58MB 2406.3s
#5 sha256:16de120b598a2a56515780feffabe7ff6c1d30b61411f4a6676fda6a5ff745d3 619.71MB / 787.58MB 2411.4s
#5 sha256:16de120b598a2a56515780feffabe7ff6c1d30b61411f4a6676fda6a5ff745d3 620.76MB / 787.58MB 2416.5s
#5 sha256:16de120b598a2a56515780feffabe7ff6c1d30b61411f4a6676fda6a5ff745d3 621.81MB / 787.58MB 2421.6s
#5 sha256:16de120b598a2a56515780feffabe7ff6c1d30b61411f4a6676fda6a5ff745d3 622.85MB / 787.58MB 2426.7s
#5 sha256:16de120b598a2a56515780feffabe7ff6c1d30b61411f4a6676fda6a5ff745d3 623.90MB / 787.58MB 2431.8s
#5 sha256:16de120b598a2a56515780feffabe7ff6c1d30b61411f4a6676fda6a5ff745d3 624.95MB / 787.58MB 2436.9s
#5 sha256:16de120b598a2a56515780feffabe7ff6c1d30b61411f4a6676fda6a5ff745d3 626.00MB / 787.58MB 2442.0s
#5 sha256:16de120b598a2a56515780feffabe7ff6c1d30b61411f4a6676fda6a5ff745d3 627.05MB / 787.58MB 2447.1s
#5 sha256:16de120b598a2a56515780feffabe7ff6c1d30b61411f4a6676fda6a5ff745d3 628.10MB / 787.58MB 2452.2s
#5 sha256:16de120b598a2a56515780feffabe7ff6c1d30b61411f4a6676fda6a5ff745d3 630.19MB / 787.58MB 2457.3s
#5 sha256:16de120b598a2a56515780feffabe7ff6c1d30b61411f4a6676fda6a5ff745d3 631.24MB / 787.58MB 2462.4s
#5 sha256:16de120b598a2a56515780feffabe7ff6c1d30b61411f4a6676fda6a5ff745d3 632.29MB / 787.58MB 2467.5s
#5 sha256:16de120b598a2a56515780feffabe7ff6c1d30b61411f4a6676fda6a5ff745d3 634.39MB / 787.58MB 2472.6s
#5 sha256:16de120b598a2a56515780feffabe7ff6c1d30b61411f4a6676fda6a5ff745d3 635.44MB / 787.58MB 2477.7s
#5 sha256:16de120b598a2a56515780feffabe7ff6c1d30b61411f4a6676fda6a5ff745d3 636.49MB / 787.58MB 2482.8s
#5 sha256:16de120b598a2a56515780feffabe7ff6c1d30b61411f4a6676fda6a5ff745d3 637.53MB / 787.58MB 2487.9s
#5 sha256:16de120b598a2a56515780feffabe7ff6c1d30b61411f4a6676fda6a5ff745d3 638.58MB / 787.58MB 2493.0s
#5 sha256:16de120b598a2a56515780feffabe7ff6c1d30b61411f4a6676fda6a5ff745d3 640.68MB / 787.58MB 2498.1s
#5 sha256:16de120b598a2a56515780feffabe7ff6c1d30b61411f4a6676fda6a5ff745d3 642.78MB / 787.58MB 2503.2s
#5 sha256:16de120b598a2a56515780feffabe7ff6c1d30b61411f4a6676fda6a5ff745d3 644.87MB / 787.58MB 2508.3s
#5 sha256:16de120b598a2a56515780feffabe7ff6c1d30b61411f4a6676fda6a5ff745d3 645.92MB / 787.58MB 2513.4s
#5 sha256:16de120b598a2a56515780feffabe7ff6c1d30b61411f4a6676fda6a5ff745d3 645.92MB / 787.58MB 2518.5s
#5 sha256:16de120b598a2a56515780feffabe7ff6c1d30b61411f4a6676fda6a5ff745d3 646.97MB / 787.58MB 2523.6s
#5 sha256:16de120b598a2a56515780feffabe7ff6c1d30b61411f4a6676fda6a5ff745d3 648.02MB / 787.58MB 2528.7s
#5 sha256:16de120b598a2a56515780feffabe7ff6c1d30b61411f4a6676fda6a5ff745d3 649.07MB / 787.58MB 2533.8s
#5 sha256:16de120b598a2a56515780feffabe7ff6c1d30b61411f4a6676fda6a5ff745d3 650.12MB / 787.58MB 2538.9s
#5 sha256:16de120b598a2a56515780feffabe7ff6c1d30b61411f4a6676fda6a5ff745d3 651.17MB / 787.58MB 2544.0s
#5 sha256:16de120b598a2a56515780feffabe7ff6c1d30b61411f4a6676fda6a5ff745d3 653.26MB / 787.58MB 2549.1s
#5 sha256:16de120b598a2a56515780feffabe7ff6c1d30b61411f4a6676fda6a5ff745d3 654.31MB / 787.58MB 2554.2s
#5 sha256:16de120b598a2a56515780feffabe7ff6c1d30b61411f4a6676fda6a5ff745d3 655.36MB / 787.58MB 2559.3s
#5 sha256:16de120b598a2a56515780feffabe7ff6c1d30b61411f4a6676fda6a5ff745d3 657.46MB / 787.58MB 2564.4s
#5 sha256:16de120b598a2a56515780feffabe7ff6c1d30b61411f4a6676fda6a5ff745d3 658.51MB / 787.58MB 2569.5s
#5 sha256:16de120b598a2a56515780feffabe7ff6c1d30b61411f4a6676fda6a5ff745d3 659.55MB / 787.58MB 2574.6s
#5 sha256:16de120b598a2a56515780feffabe7ff6c1d30b61411f4a6676fda6a5ff745d3 660.60MB / 787.58MB 2579.7s
#5 sha256:16de120b598a2a56515780feffabe7ff6c1d30b61411f4a6676fda6a5ff745d3 661.65MB / 787.58MB 2584.8s
#5 sha256:16de120b598a2a56515780feffabe7ff6c1d30b61411f4a6676fda6a5ff745d3 663.75MB / 787.58MB 2589.9s
#5 sha256:16de120b598a2a56515780feffabe7ff6c1d30b61411f4a6676fda6a5ff745d3 664.80MB / 787.58MB 2595.0s
#5 sha256:16de120b598a2a56515780feffabe7ff6c1d30b61411f4a6676fda6a5ff745d3 666.89MB / 787.58MB 2600.1s
#5 sha256:16de120b598a2a56515780feffabe7ff6c1d30b61411f4a6676fda6a5ff745d3 668.99MB / 787.58MB 2605.2s
#5 sha256:16de120b598a2a56515780feffabe7ff6c1d30b61411f4a6676fda6a5ff745d3 670.04MB / 787.58MB 2610.3s
#5 sha256:16de120b598a2a56515780feffabe7ff6c1d30b61411f4a6676fda6a5ff745d3 671.09MB / 787.58MB 2615.4s
#5 sha256:16de120b598a2a56515780feffabe7ff6c1d30b61411f4a6676fda6a5ff745d3 672.14MB / 787.58MB 2620.5s
#5 sha256:16de120b598a2a56515780feffabe7ff6c1d30b61411f4a6676fda6a5ff745d3 674.23MB / 787.58MB 2625.6s
#5 sha256:16de120b598a2a56515780feffabe7ff6c1d30b61411f4a6676fda6a5ff745d3 675.28MB / 787.58MB 2630.7s
#5 sha256:16de120b598a2a56515780feffabe7ff6c1d30b61411f4a6676fda6a5ff745d3 676.33MB / 787.58MB 2635.8s
#5 sha256:16de120b598a2a56515780feffabe7ff6c1d30b61411f4a6676fda6a5ff745d3 677.38MB / 787.58MB 2640.9s
#5 sha256:16de120b598a2a56515780feffabe7ff6c1d30b61411f4a6676fda6a5ff745d3 678.43MB / 787.58MB 2646.0s
#5 sha256:16de120b598a2a56515780feffabe7ff6c1d30b61411f4a6676fda6a5ff745d3 679.48MB / 787.58MB 2651.1s
#5 sha256:16de120b598a2a56515780feffabe7ff6c1d30b61411f4a6676fda6a5ff745d3 681.57MB / 787.58MB 2656.2s
#5 sha256:16de120b598a2a56515780feffabe7ff6c1d30b61411f4a6676fda6a5ff745d3 682.62MB / 787.58MB 2661.3s
#5 sha256:16de120b598a2a56515780feffabe7ff6c1d30b61411f4a6676fda6a5ff745d3 683.67MB / 787.58MB 2666.3s
#5 sha256:16de120b598a2a56515780feffabe7ff6c1d30b61411f4a6676fda6a5ff745d3 684.72MB / 787.58MB 2671.5s
#5 sha256:16de120b598a2a56515780feffabe7ff6c1d30b61411f4a6676fda6a5ff745d3 685.77MB / 787.58MB 2676.6s
#5 sha256:16de120b598a2a56515780feffabe7ff6c1d30b61411f4a6676fda6a5ff745d3 686.82MB / 787.58MB 2681.7s
#5 sha256:16de120b598a2a56515780feffabe7ff6c1d30b61411f4a6676fda6a5ff745d3 688.91MB / 787.58MB 2686.8s
#5 sha256:16de120b598a2a56515780feffabe7ff6c1d30b61411f4a6676fda6a5ff745d3 689.96MB / 787.58MB 2691.9s
#5 sha256:16de120b598a2a56515780feffabe7ff6c1d30b61411f4a6676fda6a5ff745d3 691.01MB / 787.58MB 2696.9s
#5 sha256:16de120b598a2a56515780feffabe7ff6c1d30b61411f4a6676fda6a5ff745d3 692.06MB / 787.58MB 2702.0s
#5 sha256:16de120b598a2a56515780feffabe7ff6c1d30b61411f4a6676fda6a5ff745d3 693.11MB / 787.58MB 2707.1s
#5 sha256:16de120b598a2a56515780feffabe7ff6c1d30b61411f4a6676fda6a5ff745d3 694.16MB / 787.58MB 2712.2s
#5 sha256:16de120b598a2a56515780feffabe7ff6c1d30b61411f4a6676fda6a5ff745d3 695.21MB / 787.58MB 2717.3s
#5 sha256:16de120b598a2a56515780feffabe7ff6c1d30b61411f4a6676fda6a5ff745d3 696.25MB / 787.58MB 2722.4s
#5 sha256:16de120b598a2a56515780feffabe7ff6c1d30b61411f4a6676fda6a5ff745d3 697.30MB / 787.58MB 2727.5s
#5 sha256:16de120b598a2a56515780feffabe7ff6c1d30b61411f4a6676fda6a5ff745d3 698.35MB / 787.58MB 2732.6s
#5 sha256:16de120b598a2a56515780feffabe7ff6c1d30b61411f4a6676fda6a5ff745d3 699.40MB / 787.58MB 2737.7s
#5 sha256:16de120b598a2a56515780feffabe7ff6c1d30b61411f4a6676fda6a5ff745d3 700.45MB / 787.58MB 2742.8s
#5 sha256:16de120b598a2a56515780feffabe7ff6c1d30b61411f4a6676fda6a5ff745d3 701.50MB / 787.58MB 2747.9s
#5 sha256:16de120b598a2a56515780feffabe7ff6c1d30b61411f4a6676fda6a5ff745d3 702.55MB / 787.58MB 2753.0s
#5 sha256:16de120b598a2a56515780feffabe7ff6c1d30b61411f4a6676fda6a5ff745d3 703.59MB / 787.58MB 2758.1s
#5 sha256:16de120b598a2a56515780feffabe7ff6c1d30b61411f4a6676fda6a5ff745d3 704.64MB / 787.58MB 2763.2s
#5 sha256:16de120b598a2a56515780feffabe7ff6c1d30b61411f4a6676fda6a5ff745d3 705.69MB / 787.58MB 2768.3s
#5 sha256:16de120b598a2a56515780feffabe7ff6c1d30b61411f4a6676fda6a5ff745d3 706.74MB / 787.58MB 2773.4s
#5 sha256:16de120b598a2a56515780feffabe7ff6c1d30b61411f4a6676fda6a5ff745d3 708.84MB / 787.58MB 2778.5s
#5 sha256:16de120b598a2a56515780feffabe7ff6c1d30b61411f4a6676fda6a5ff745d3 709.89MB / 787.58MB 2783.6s
#5 sha256:16de120b598a2a56515780feffabe7ff6c1d30b61411f4a6676fda6a5ff745d3 710.93MB / 787.58MB 2788.7s
#5 sha256:16de120b598a2a56515780feffabe7ff6c1d30b61411f4a6676fda6a5ff745d3 713.03MB / 787.58MB 2793.8s
#5 sha256:16de120b598a2a56515780feffabe7ff6c1d30b61411f4a6676fda6a5ff745d3 714.08MB / 787.58MB 2798.9s
#5 sha256:16de120b598a2a56515780feffabe7ff6c1d30b61411f4a6676fda6a5ff745d3 716.18MB / 787.58MB 2804.0s
#5 sha256:16de120b598a2a56515780feffabe7ff6c1d30b61411f4a6676fda6a5ff745d3 718.27MB / 787.58MB 2809.1s
#5 sha256:16de120b598a2a56515780feffabe7ff6c1d30b61411f4a6676fda6a5ff745d3 719.32MB / 787.58MB 2814.2s
#5 sha256:16de120b598a2a56515780feffabe7ff6c1d30b61411f4a6676fda6a5ff745d3 720.37MB / 787.58MB 2819.3s
#5 sha256:16de120b598a2a56515780feffabe7ff6c1d30b61411f4a6676fda6a5ff745d3 722.47MB / 787.58MB 2824.4s
#5 sha256:16de120b598a2a56515780feffabe7ff6c1d30b61411f4a6676fda6a5ff745d3 723.52MB / 787.58MB 2829.5s
#5 sha256:16de120b598a2a56515780feffabe7ff6c1d30b61411f4a6676fda6a5ff745d3 724.57MB / 787.58MB 2834.6s
#5 sha256:16de120b598a2a56515780feffabe7ff6c1d30b61411f4a6676fda6a5ff745d3 725.61MB / 787.58MB 2839.7s
#5 sha256:16de120b598a2a56515780feffabe7ff6c1d30b61411f4a6676fda6a5ff745d3 726.66MB / 787.58MB 2844.8s
#5 sha256:16de120b598a2a56515780feffabe7ff6c1d30b61411f4a6676fda6a5ff745d3 727.71MB / 787.58MB 2849.9s
#5 sha256:16de120b598a2a56515780feffabe7ff6c1d30b61411f4a6676fda6a5ff745d3 728.76MB / 787.58MB 2855.0s
#5 sha256:16de120b598a2a56515780feffabe7ff6c1d30b61411f4a6676fda6a5ff745d3 729.81MB / 787.58MB 2860.1s
#5 sha256:16de120b598a2a56515780feffabe7ff6c1d30b61411f4a6676fda6a5ff745d3 730.86MB / 787.58MB 2865.2s
#5 sha256:16de120b598a2a56515780feffabe7ff6c1d30b61411f4a6676fda6a5ff745d3 731.91MB / 787.58MB 2870.3s
#5 sha256:16de120b598a2a56515780feffabe7ff6c1d30b61411f4a6676fda6a5ff745d3 732.95MB / 787.58MB 2875.4s
#5 sha256:16de120b598a2a56515780feffabe7ff6c1d30b61411f4a6676fda6a5ff745d3 734.00MB / 787.58MB 2880.5s
#5 sha256:16de120b598a2a56515780feffabe7ff6c1d30b61411f4a6676fda6a5ff745d3 735.05MB / 787.58MB 2885.6s
#5 sha256:16de120b598a2a56515780feffabe7ff6c1d30b61411f4a6676fda6a5ff745d3 736.10MB / 787.58MB 2890.7s
#5 sha256:16de120b598a2a56515780feffabe7ff6c1d30b61411f4a6676fda6a5ff745d3 737.15MB / 787.58MB 2895.8s
#5 sha256:16de120b598a2a56515780feffabe7ff6c1d30b61411f4a6676fda6a5ff745d3 738.20MB / 787.58MB 2900.9s
#5 sha256:16de120b598a2a56515780feffabe7ff6c1d30b61411f4a6676fda6a5ff745d3 739.25MB / 787.58MB 2906.0s
#5 sha256:16de120b598a2a56515780feffabe7ff6c1d30b61411f4a6676fda6a5ff745d3 740.29MB / 787.58MB 2911.1s
#5 sha256:16de120b598a2a56515780feffabe7ff6c1d30b61411f4a6676fda6a5ff745d3 742.39MB / 787.58MB 2916.2s
#5 sha256:16de120b598a2a56515780feffabe7ff6c1d30b61411f4a6676fda6a5ff745d3 743.44MB / 787.58MB 2921.3s
#5 sha256:16de120b598a2a56515780feffabe7ff6c1d30b61411f4a6676fda6a5ff745d3 744.49MB / 787.58MB 2926.4s
#5 sha256:16de120b598a2a56515780feffabe7ff6c1d30b61411f4a6676fda6a5ff745d3 745.54MB / 787.58MB 2931.5s
#5 sha256:16de120b598a2a56515780feffabe7ff6c1d30b61411f4a6676fda6a5ff745d3 746.59MB / 787.58MB 2936.6s
#5 sha256:16de120b598a2a56515780feffabe7ff6c1d30b61411f4a6676fda6a5ff745d3 747.63MB / 787.58MB 2941.7s
#5 sha256:16de120b598a2a56515780feffabe7ff6c1d30b61411f4a6676fda6a5ff745d3 748.68MB / 787.58MB 2946.8s
#5 sha256:16de120b598a2a56515780feffabe7ff6c1d30b61411f4a6676fda6a5ff745d3 749.73MB / 787.58MB 2951.9s
#5 sha256:16de120b598a2a56515780feffabe7ff6c1d30b61411f4a6676fda6a5ff745d3 750.78MB / 787.58MB 2957.0s
#5 sha256:16de120b598a2a56515780feffabe7ff6c1d30b61411f4a6676fda6a5ff745d3 751.83MB / 787.58MB 2962.1s
#5 sha256:16de120b598a2a56515780feffabe7ff6c1d30b61411f4a6676fda6a5ff745d3 751.83MB / 787.58MB 2967.2s
#5 sha256:16de120b598a2a56515780feffabe7ff6c1d30b61411f4a6676fda6a5ff745d3 752.88MB / 787.58MB 2972.3s
#5 sha256:16de120b598a2a56515780feffabe7ff6c1d30b61411f4a6676fda6a5ff745d3 753.93MB / 787.58MB 2977.4s
#5 sha256:16de120b598a2a56515780feffabe7ff6c1d30b61411f4a6676fda6a5ff745d3 754.97MB / 787.58MB 2982.5s
#5 sha256:16de120b598a2a56515780feffabe7ff6c1d30b61411f4a6676fda6a5ff745d3 756.02MB / 787.58MB 2987.6s
#5 sha256:16de120b598a2a56515780feffabe7ff6c1d30b61411f4a6676fda6a5ff745d3 757.07MB / 787.58MB 2992.7s
#5 sha256:16de120b598a2a56515780feffabe7ff6c1d30b61411f4a6676fda6a5ff745d3 758.12MB / 787.58MB 2997.8s
#5 sha256:16de120b598a2a56515780feffabe7ff6c1d30b61411f4a6676fda6a5ff745d3 759.17MB / 787.58MB 3002.9s
#5 sha256:16de120b598a2a56515780feffabe7ff6c1d30b61411f4a6676fda6a5ff745d3 761.27MB / 787.58MB 3008.0s
#5 sha256:16de120b598a2a56515780feffabe7ff6c1d30b61411f4a6676fda6a5ff745d3 761.27MB / 787.58MB 3013.1s
#5 sha256:16de120b598a2a56515780feffabe7ff6c1d30b61411f4a6676fda6a5ff745d3 762.31MB / 787.58MB 3018.2s
#5 sha256:16de120b598a2a56515780feffabe7ff6c1d30b61411f4a6676fda6a5ff745d3 763.36MB / 787.58MB 3023.3s
#5 sha256:16de120b598a2a56515780feffabe7ff6c1d30b61411f4a6676fda6a5ff745d3 764.41MB / 787.58MB 3028.4s
#5 sha256:16de120b598a2a56515780feffabe7ff6c1d30b61411f4a6676fda6a5ff745d3 766.51MB / 787.58MB 3033.5s
#5 sha256:16de120b598a2a56515780feffabe7ff6c1d30b61411f4a6676fda6a5ff745d3 767.56MB / 787.58MB 3038.6s
#5 sha256:16de120b598a2a56515780feffabe7ff6c1d30b61411f4a6676fda6a5ff745d3 768.61MB / 787.58MB 3043.7s
#5 sha256:16de120b598a2a56515780feffabe7ff6c1d30b61411f4a6676fda6a5ff745d3 770.70MB / 787.58MB 3048.8s
#5 sha256:16de120b598a2a56515780feffabe7ff6c1d30b61411f4a6676fda6a5ff745d3 771.75MB / 787.58MB 3053.9s
#5 sha256:16de120b598a2a56515780feffabe7ff6c1d30b61411f4a6676fda6a5ff745d3 772.80MB / 787.58MB 3059.0s
#5 sha256:16de120b598a2a56515780feffabe7ff6c1d30b61411f4a6676fda6a5ff745d3 773.85MB / 787.58MB 3064.1s
#5 sha256:16de120b598a2a56515780feffabe7ff6c1d30b61411f4a6676fda6a5ff745d3 774.90MB / 787.58MB 3069.2s
#5 sha256:16de120b598a2a56515780feffabe7ff6c1d30b61411f4a6676fda6a5ff745d3 775.95MB / 787.58MB 3074.3s
#5 sha256:16de120b598a2a56515780feffabe7ff6c1d30b61411f4a6676fda6a5ff745d3 778.04MB / 787.58MB 3079.4s
#5 sha256:16de120b598a2a56515780feffabe7ff6c1d30b61411f4a6676fda6a5ff745d3 779.09MB / 787.58MB 3084.5s
#5 sha256:16de120b598a2a56515780feffabe7ff6c1d30b61411f4a6676fda6a5ff745d3 780.14MB / 787.58MB 3089.6s
#5 sha256:16de120b598a2a56515780feffabe7ff6c1d30b61411f4a6676fda6a5ff745d3 781.19MB / 787.58MB 3094.7s
#5 sha256:16de120b598a2a56515780feffabe7ff6c1d30b61411f4a6676fda6a5ff745d3 782.24MB / 787.58MB 3099.8s
#5 sha256:16de120b598a2a56515780feffabe7ff6c1d30b61411f4a6676fda6a5ff745d3 783.29MB / 787.58MB 3104.9s
#5 sha256:16de120b598a2a56515780feffabe7ff6c1d30b61411f4a6676fda6a5ff745d3 784.33MB / 787.58MB 3110.0s
#5 sha256:16de120b598a2a56515780feffabe7ff6c1d30b61411f4a6676fda6a5ff745d3 785.38MB / 787.58MB 3115.1s
#5 sha256:16de120b598a2a56515780feffabe7ff6c1d30b61411f4a6676fda6a5ff745d3 786.43MB / 787.58MB 3120.2s
#5 sha256:16de120b598a2a56515780feffabe7ff6c1d30b61411f4a6676fda6a5ff745d3 787.58MB / 787.58MB 3123.7s done
#5 sha256:16de120b598a2a56515780feffabe7ff6c1d30b61411f4a6676fda6a5ff745d3 787.58MB / 787.58MB 3123.7s done
#5 extracting sha256:16de120b598a2a56515780feffabe7ff6c1d30b61411f4a6676fda6a5ff745d3
#5 extracting sha256:16de120b598a2a56515780feffabe7ff6c1d30b61411f4a6676fda6a5ff745d3 66.0s done
#5 DONE 3190.5s

#5 [worker base 1/8] FROM mcr.microsoft.com/playwright/python:v1.58.0-noble@sha256:678457c4c323b981d8b4befc57b95366bb1bb6aa30057b1269f6b171e8d9975a
#5 extracting sha256:16de120b598a2a56515780feffabe7ff6c1d30b61411f4a6676fda6a5ff745d3 66.0s done
#5 DONE 3190.5s

#7 [worker base 2/8] WORKDIR /app
#7 DONE 4.6s

#7 [api base 2/8] WORKDIR /app
#7 DONE 4.6s

#8 [api base 3/8] COPY requirements.txt .
#8 DONE 0.5s

#8 [worker base 3/8] COPY requirements.txt .
#8 DONE 0.5s

#9 [api base 4/8] RUN pip install --no-cache-dir -r requirements.txt
#9 3.715 Collecting annotated-doc==0.0.4 (from -r requirements.txt (line 1))
#9 4.148   Downloading annotated_doc-0.0.4-py3-none-any.whl.metadata (6.6 kB)
#9 4.267 Collecting annotated-types==0.7.0 (from -r requirements.txt (line 2))
#9 4.360   Downloading annotated_types-0.7.0-py3-none-any.whl.metadata (15 kB)
#9 4.641 Collecting anyio==4.13.0 (from -r requirements.txt (line 3))
#9 4.769   Downloading anyio-4.13.0-py3-none-any.whl.metadata (4.5 kB)
#9 4.910 Collecting asgiref==3.7.2 (from -r requirements.txt (line 4))
#9 5.053   Downloading asgiref-3.7.2-py3-none-any.whl.metadata (9.2 kB)
#9 5.172 Collecting async-timeout==5.0.1 (from -r requirements.txt (line 5))
#9 5.269   Downloading async_timeout-5.0.1-py3-none-any.whl.metadata (5.1 kB)
#9 5.398 Collecting click==8.3.2 (from -r requirements.txt (line 6))
#9 5.487   Downloading click-8.3.2-py3-none-any.whl.metadata (2.6 kB)
#9 5.596 Collecting colorama==0.4.6 (from -r requirements.txt (line 7))
#9 5.682   Downloading colorama-0.4.6-py2.py3-none-any.whl.metadata (17 kB)
#9 5.871 Collecting croniter==6.2.2 (from -r requirements.txt (line 8))
#9 5.959   Downloading croniter-6.2.2-py3-none-any.whl.metadata (22 kB)
#9 6.277 Collecting Django==4.2.1 (from -r requirements.txt (line 9))
#9 6.377   Downloading Django-4.2.1-py3-none-any.whl.metadata (4.1 kB)
#9 6.479 Collecting exceptiongroup==1.3.1 (from -r requirements.txt (line 10))
#9 6.567   Downloading exceptiongroup-1.3.1-py3-none-any.whl.metadata (6.7 kB)
#9 6.825 Collecting fastapi==0.135.3 (from -r requirements.txt (line 11))
#9 6.917   Downloading fastapi-0.135.3-py3-none-any.whl.metadata (28 kB)
#9 7.662 Collecting greenlet==3.4.0 (from -r requirements.txt (line 12))
#9 7.763   Downloading greenlet-3.4.0-cp312-cp312-manylinux_2_24_x86_64.manylinux_2_28_x86_64.whl.metadata (3.7 kB)
#9 7.864 Collecting h11==0.16.0 (from -r requirements.txt (line 13))
#9 7.938   Downloading h11-0.16.0-py3-none-any.whl.metadata (8.3 kB)
#9 8.073 Collecting idna==3.11 (from -r requirements.txt (line 14))
#9 8.151   Downloading idna-3.11-py3-none-any.whl.metadata (8.4 kB)
#9 8.345 Collecting playwright==1.58.0 (from -r requirements.txt (line 15))
#9 8.432   Downloading playwright-1.58.0-py3-none-manylinux1_x86_64.whl.metadata (3.5 kB)
#9 8.996 Collecting pydantic==2.12.5 (from -r requirements.txt (line 16))
#9 9.076   Downloading pydantic-2.12.5-py3-none-any.whl.metadata (90 kB)
#9 11.24 Collecting pydantic_core==2.41.5 (from -r requirements.txt (line 17))
#9 11.35   Downloading pydantic_core-2.41.5-cp312-cp312-manylinux_2_17_x86_64.manylinux2014_x86_64.whl.metadata (7.3 kB)
#9 11.46 Collecting pyee==13.0.1 (from -r requirements.txt (line 18))
#9 11.55   Downloading pyee-13.0.1-py3-none-any.whl.metadata (3.0 kB)
#9 11.66 Collecting python-dateutil==2.9.0.post0 (from -r requirements.txt (line 19))
#9 11.75   Downloading python_dateutil-2.9.0.post0-py2.py3-none-any.whl.metadata (8.4 kB)
#9 11.89 Collecting redis==7.4.0 (from -r requirements.txt (line 20))
#9 11.98   Downloading redis-7.4.0-py3-none-any.whl.metadata (12 kB)
#9 12.36 Collecting rq==2.7.0 (from -r requirements.txt (line 21))
#9 12.45   Downloading rq-2.7.0-py3-none-any.whl.metadata (10 kB)
#9 12.55 Collecting six==1.17.0 (from -r requirements.txt (line 22))
#9 12.64   Downloading six-1.17.0-py2.py3-none-any.whl.metadata (1.7 kB)
#9 12.75 Collecting sqlparse==0.4.4 (from -r requirements.txt (line 23))
#9 12.84   Downloading sqlparse-0.4.4-py3-none-any.whl.metadata (4.0 kB)
#9 12.99 Collecting starlette==1.0.0 (from -r requirements.txt (line 24))
#9 13.07   Downloading starlette-1.0.0-py3-none-any.whl.metadata (6.3 kB)
#9 13.17 Collecting typing-inspection==0.4.2 (from -r requirements.txt (line 25))
#9 13.26   Downloading typing_inspection-0.4.2-py3-none-any.whl.metadata (2.6 kB)
#9 13.39 Collecting typing_extensions==4.15.0 (from -r requirements.txt (line 26))
#9 13.48   Downloading typing_extensions-4.15.0-py3-none-any.whl.metadata (3.3 kB)
#9 13.58 Collecting tzdata==2023.3 (from -r requirements.txt (line 27))
#9 13.68   Downloading tzdata-2023.3-py2.py3-none-any.whl.metadata (1.4 kB)
#9 13.87 Collecting uvicorn==0.44.0 (from -r requirements.txt (line 28))
#9 13.97   Downloading uvicorn-0.44.0-py3-none-any.whl.metadata (6.7 kB)
#9 14.35 Downloading annotated_doc-0.0.4-py3-none-any.whl (5.3 kB)
#9 14.44 Downloading annotated_types-0.7.0-py3-none-any.whl (13 kB)
#9 14.55 Downloading anyio-4.13.0-py3-none-any.whl (114 kB)
#9 14.72 Downloading asgiref-3.7.2-py3-none-any.whl (24 kB)
#9 14.83 Downloading async_timeout-5.0.1-py3-none-any.whl (6.2 kB)
#9 14.90 Downloading click-8.3.2-py3-none-any.whl (108 kB)
#9 15.03 Downloading colorama-0.4.6-py2.py3-none-any.whl (25 kB)
#9 15.15 Downloading croniter-6.2.2-py3-none-any.whl (45 kB)
#9 15.45 Downloading Django-4.2.1-py3-none-any.whl (8.0 MB)
#9 19.09    ΓöüΓöüΓöüΓöüΓöüΓöüΓöüΓöüΓöüΓöüΓöüΓöüΓöüΓöüΓöüΓöüΓöüΓöüΓöüΓöüΓöüΓöüΓöüΓöüΓöüΓöüΓöüΓöüΓöüΓöüΓöüΓöüΓöüΓöüΓöüΓöüΓöüΓöüΓöüΓöü 8.0/8.0 MB 2.2 MB/s  0:00:03
#9 19.16 Downloading exceptiongroup-1.3.1-py3-none-any.whl (16 kB)
#9 19.28 Downloading fastapi-0.135.3-py3-none-any.whl (117 kB)
#9 19.40 Downloading greenlet-3.4.0-cp312-cp312-manylinux_2_24_x86_64.manylinux_2_28_x86_64.whl (615 kB)
#9 19.66    ΓöüΓöüΓöüΓöüΓöüΓöüΓöüΓöüΓöüΓöüΓöüΓöüΓöüΓöüΓöüΓöüΓöüΓöüΓöüΓöüΓöüΓöüΓöüΓöüΓöüΓöüΓöüΓöüΓöüΓöüΓöüΓöüΓöüΓöüΓöüΓöüΓöüΓöüΓöüΓöü 615.1/615.1 kB 2.6 MB/s  0:00:00
#9 19.73 Downloading h11-0.16.0-py3-none-any.whl (37 kB)
#9 19.83 Downloading idna-3.11-py3-none-any.whl (71 kB)
#9 19.94 Downloading playwright-1.58.0-py3-none-manylinux1_x86_64.whl (46.2 MB)
#9 31.43    ΓöüΓöüΓöüΓöüΓöüΓöüΓöüΓöüΓöüΓöüΓöüΓöüΓöüΓöüΓöüΓöüΓöüΓöüΓöüΓöüΓöüΓöüΓöüΓöüΓöüΓöüΓöüΓöüΓöüΓöüΓöüΓöüΓöüΓöüΓöüΓöüΓöüΓöüΓöüΓöü 46.2/46.2 MB 4.0 MB/s  0:00:11
#9 31.53 Downloading pyee-13.0.1-py3-none-any.whl (15 kB)
#9 31.60 Downloading pydantic-2.12.5-py3-none-any.whl (463 kB)
#9 31.79 Downloading pydantic_core-2.41.5-cp312-cp312-manylinux_2_17_x86_64.manylinux2014_x86_64.whl (2.1 MB)
#9 32.25    ΓöüΓöüΓöüΓöüΓöüΓöüΓöüΓöüΓöüΓöüΓöüΓöüΓöüΓöüΓöüΓöüΓöüΓöüΓöüΓöüΓöüΓöüΓöüΓöüΓöüΓöüΓöüΓöüΓöüΓöüΓöüΓöüΓöüΓöüΓöüΓöüΓöüΓöüΓöüΓöü 2.1/2.1 MB 5.1 MB/s  0:00:00
#9 32.32 Downloading python_dateutil-2.9.0.post0-py2.py3-none-any.whl (229 kB)
#9 32.47 Downloading redis-7.4.0-py3-none-any.whl (409 kB)
#9 32.91 Downloading rq-2.7.0-py3-none-any.whl (115 kB)
#9 33.01 Downloading six-1.17.0-py2.py3-none-any.whl (11 kB)
#9 33.09 Downloading sqlparse-0.4.4-py3-none-any.whl (41 kB)
#9 33.18 Downloading starlette-1.0.0-py3-none-any.whl (72 kB)
#9 33.29 Downloading typing_inspection-0.4.2-py3-none-any.whl (14 kB)
#9 33.37 Downloading typing_extensions-4.15.0-py3-none-any.whl (44 kB)
#9 33.48 Downloading tzdata-2023.3-py2.py3-none-any.whl (341 kB)
#9 33.65 Downloading uvicorn-0.44.0-py3-none-any.whl (69 kB)
#9 34.18 Installing collected packages: tzdata, typing_extensions, sqlparse, six, redis, idna, h11, greenlet, colorama, click, async-timeout, asgiref, annotated-types, annotated-doc, uvicorn, typing-inspection, python-dateutil, pyee, pydantic_core, exceptiongroup, Django, anyio, starlette, pydantic, playwright, croniter, rq, fastapi
#9 49.90 
#9 49.91 Successfully installed Django-4.2.1 annotated-doc-0.0.4 annotated-types-0.7.0 anyio-4.13.0 asgiref-3.7.2 async-timeout-5.0.1 click-8.3.2 colorama-0.4.6 croniter-6.2.2 exceptiongroup-1.3.1 fastapi-0.135.3 greenlet-3.4.0 h11-0.16.0 idna-3.11 playwright-1.58.0 pydantic-2.12.5 pydantic_core-2.41.5 pyee-13.0.1 python-dateutil-2.9.0.post0 redis-7.4.0 rq-2.7.0 six-1.17.0 sqlparse-0.4.4 starlette-1.0.0 typing-inspection-0.4.2 typing_extensions-4.15.0 tzdata-2023.3 uvicorn-0.44.0
#9 49.91 WARNING: Running pip as the 'root' user can result in broken permissions and conflicting behaviour with the system package manager, possibly rendering your system unusable. It is recommended to use a virtual environment instead: https://pip.pypa.io/warnings/venv. Use the --root-user-action option if you know what you are doing and want to suppress this warning.
#9 50.49 
#9 50.49 [notice] A new release of pip is available: 25.3 -> 26.0.1
#9 50.49 [notice] To update, run: python -m pip install --upgrade pip
#9 DONE 57.6s

#9 [api base 4/8] RUN pip install --no-cache-dir -r requirements.txt
#9 DONE 57.6s

#10 [api base 5/8] RUN playwright install chromium
#10 DONE 2.6s

#10 [api base 5/8] RUN playwright install chromium
#10 DONE 2.6s

#11 [api base 3/8] COPY requirements.txt .
#11 CACHED

#12 [api base 4/8] RUN pip install --no-cache-dir -r requirements.txt
#12 CACHED

#13 [api base 5/8] RUN playwright install chromium
#13 CACHED

#14 [api base 6/8] COPY . .
#14 DONE 1.2s

#14 [api base 6/8] COPY . .
#14 DONE 1.2s

#15 [worker base 7/8] RUN mkdir -p sessions/storage/instagram sessions/storage/tiktok sessions/storage/facebook
#15 DONE 2.2s

#15 [worker base 7/8] RUN mkdir -p sessions/storage/instagram sessions/storage/tiktok sessions/storage/facebook
#15 DONE 2.2s

#16 [api base 8/8] RUN chown -R pwuser:pwuser /app
#16 DONE 2.9s

#16 [api base 8/8] RUN chown -R pwuser:pwuser /app
#16 DONE 2.9s

#17 [worker] exporting to image
#17 exporting layers
#17 ...

#18 [api] exporting to image
#18 ...

#17 [worker] exporting to image
#17 exporting layers 19.4s done
#17 exporting manifest sha256:7a16ca09c01bc41729cc5dbf2e048a534831a2ec268216960df42390e2b709b5
#17 exporting manifest sha256:7a16ca09c01bc41729cc5dbf2e048a534831a2ec268216960df42390e2b709b5 0.6s done
#17 exporting config sha256:705382c9cff921ed8747c4902aba62dd93534b5338949c0e6aa83cba7615ce7e
#17 exporting config sha256:705382c9cff921ed8747c4902aba62dd93534b5338949c0e6aa83cba7615ce7e 0.6s done
#17 exporting attestation manifest sha256:007637b6e807ca41b64d5077928bda2b6daea27b14660c1c7f08693177313cd0
#17 exporting attestation manifest sha256:007637b6e807ca41b64d5077928bda2b6daea27b14660c1c7f08693177313cd0 1.8s done
#17 exporting manifest list sha256:8c5bc121707ef51f114ab25fa7093aa0a51ed98902c78485e16d091fc6076d27
#17 exporting manifest list sha256:8c5bc121707ef51f114ab25fa7093aa0a51ed98902c78485e16d091fc6076d27 1.1s done
#17 naming to docker.io/library/socialfollowersscraper-worker:latest
#17 naming to docker.io/library/socialfollowersscraper-worker:latest 0.4s done
#17 unpacking to docker.io/library/socialfollowersscraper-worker:latest
#17 ...

#18 [api] exporting to image
#18 exporting layers 19.4s done
#18 exporting manifest sha256:622b54fa21882f490661bd3878222741b5dcd8a863dc2a8af9780ddf648260c4 0.6s done
#18 exporting config sha256:2121bf4c88e0622c4124142b5bb59355bcfd7487901e605efdd8f97e57f32310 0.6s done
#18 exporting attestation manifest sha256:78a6b40554ce4babe80f3d0ef9b9c66ed7663a90709fea0d237c76a887bc6bf9 1.7s done
#18 exporting manifest list sha256:afe93c9305c70f347339c2ee90482c35bf876e8341e19e2890bcd5b2befdb8e6 1.1s done
#18 naming to docker.io/library/socialfollowersscraper-api:latest 0.4s done
#18 unpacking to docker.io/library/socialfollowersscraper-api:latest
#18 ...

#17 [worker] exporting to image
#17 unpacking to docker.io/library/socialfollowersscraper-worker:latest 102.2s done
#17 ...

#18 [api] exporting to image
#18 unpacking to docker.io/library/socialfollowersscraper-api:latest 102.5s done
#18 DONE 127.3s

#17 [worker] exporting to image
#17 DONE 127.3s

#19 [worker] resolving provenance for metadata file
#19 DONE 0.6s

#20 [api] resolving provenance for metadata file
#20 DONE 0.2s
 Image socialfollowersscraper-api Built 
 Image socialfollowersscraper-worker Built 
